label,count
arrayidx20,131072
arrayidx24,131072
arrayidx,4096
label,count
arrayidx20,131072
arrayidx24,131072
arrayidx,4096
label,count
arrayidx20,131072
arrayidx24,131072
arrayidx,4096
label,count
arrayidx20,131072
arrayidx24,131072
arrayidx,4096
label,count
arrayidx20,1605632
arrayidx24,1605632
arrayidx,50176
label,count
arrayidx20,131072
arrayidx24,131072
arrayidx,4096
label,count
arrayidx20,131072
arrayidx24,131072
arrayidx,4096
label,count
arrayidx20,1605632
arrayidx24,1605632
arrayidx,50176
label,count
arrayidx20,63438848
arrayidx24,63438848
arrayidx,1982464
label,count
arrayidx20,63438848
arrayidx24,63438848
arrayidx,1982464
label,count
arrayidx20,134217728
arrayidx24,134217728
arrayidx,4194304
<<<<<<< HEAD
label,count
arrayidx20,134217728
arrayidx24,134217728
arrayidx,4194304
label,count
arrayidx20,63438848
arrayidx24,63438848
arrayidx,1982464
label,count
arrayidx20,131072
arrayidx24,131072
arrayidx,4096
label,count
arrayidx20,1605632
arrayidx24,1605632
arrayidx,50176
label,count
arrayidx20,63438848
arrayidx24,63438848
arrayidx,1982464
label,count
arrayidx20,134217728
arrayidx24,134217728
arrayidx,4194304
label,count
arrayidx20,131072
arrayidx24,131072
arrayidx,4096
label,count
arrayidx19,262144
arrayidx25,262144
arrayidx,8192
label,count
arrayidx19,262144
arrayidx25,262144
arrayidx,8192
label,count
arrayidx19,262144
arrayidx25,262144
arrayidx,8192
label,count
arrayidx19,262144
arrayidx25,262144
arrayidx,8192
=======
>>>>>>> a2d5ca8e3a951e8c28dfc292799a552ebece7bf1
