label,count
arrayidx16,4096
arrayidx29,4096
label,count
arrayidx16,4096
arrayidx29,4096
label,count
arrayidx16,4096
arrayidx29,4096
label,count
arrayidx16,4096
arrayidx29,4096
label,count
arrayidx16,50176
arrayidx29,50176
label,count
arrayidx16,4096
arrayidx29,4096
label,count
arrayidx16,4096
arrayidx29,4096
label,count
arrayidx16,50176
arrayidx29,50176
label,count
arrayidx16,1982464
arrayidx29,1982464
label,count
arrayidx16,1982464
arrayidx29,1982464
label,count
arrayidx16,4194304
arrayidx29,4194304
<<<<<<< HEAD
label,count
arrayidx16,4194304
arrayidx29,4194304
label,count
arrayidx16,1982464
arrayidx29,1982464
label,count
arrayidx16,4096
arrayidx29,4096
label,count
arrayidx16,50176
arrayidx29,50176
label,count
arrayidx16,1982464
arrayidx29,1982464
label,count
arrayidx16,4194304
arrayidx29,4194304
label,count
arrayidx16,4096
arrayidx29,4096
label,count
arrayidx13,8192
arrayidx31,4096
label,count
arrayidx13,8192
arrayidx31,4096
label,count
arrayidx13,8192
arrayidx31,4096
label,count
arrayidx13,8192
arrayidx31,4096
=======
>>>>>>> a2d5ca8e3a951e8c28dfc292799a552ebece7bf1
label,count
arrayidx13,524288
arrayidx31,65536
label,count
arrayidx13,524288
arrayidx31,65536
label,count
arrayidx13,524288
arrayidx31,65536
label,count
arrayidx13,1048576
arrayidx31,65536
label,count
arrayidx13,1048576
arrayidx31,65536
label,count
localCol,6400
globalCol,6400
N.addr,6400
C.addr,6400
arrayidx13,32000
localRow,6400
i,38400
A.addr,6400
B.addr,6400
globalRow,6400
sum,518400
numTiles,6400
tiledRow,6400
k,544000
arrayidx31,6400
