label,count
arrayidx27,8192
arrayidx,8192
arrayidx37,262144
arrayidx41,262144
label,count
arrayidx27,8192
arrayidx,8192
arrayidx37,262144
arrayidx41,262144
label,count
arrayidx27,8192
arrayidx,8192
arrayidx37,262144
arrayidx41,262144
label,count
arrayidx27,8192
arrayidx,8192
arrayidx37,262144
arrayidx41,262144
label,count
arrayidx27,524288
arrayidx,524288
arrayidx37,16777216
arrayidx41,16777216
label,count
arrayidx27,524288
arrayidx,524288
arrayidx37,16777216
arrayidx41,16777216
label,count
arrayidx27,524288
arrayidx,524288
arrayidx37,16777216
arrayidx41,16777216
label,count
arrayidx27,1048576
arrayidx,1048576
arrayidx37,16777216
arrayidx41,16777216
label,count
arrayidx27,1048576
arrayidx,1048576
arrayidx37,16777216
arrayidx41,16777216
label,count
arrayidx41,512000
arrayidx37,512000
arrayidx27,32000
B.addr,32000
numTiles,38400
k,2080000
arrayidx,32000
tiledCol,32000
A.addr,32000
globalCol,38400
tiledRow,32000
localCol,614400
N.addr,76800
C.addr,6400
globalRow,38400
localRow,614400
i,134400
acc,518400
