label,count
arrayidx39,4096
arrayidx26,4096
arrayidx16,4096
label,count
arrayidx39,4096
arrayidx26,4096
arrayidx16,4096
label,count
arrayidx39,4096
arrayidx26,4096
arrayidx16,4096
label,count
arrayidx39,4096
arrayidx26,4096
arrayidx16,4096
label,count
arrayidx39,50176
arrayidx26,50176
arrayidx16,50176
label,count
arrayidx39,4096
arrayidx26,4096
arrayidx16,4096
label,count
arrayidx39,4096
arrayidx26,4096
arrayidx16,4096
label,count
arrayidx39,50176
arrayidx26,50176
arrayidx16,50176
label,count
arrayidx39,1982464
arrayidx26,1982464
arrayidx16,1982464
label,count
arrayidx39,1982464
arrayidx26,1982464
arrayidx16,1982464
label,count
arrayidx39,4194304
arrayidx26,4194304
arrayidx16,4194304
<<<<<<< HEAD
label,count
arrayidx39,4194304
arrayidx26,4194304
arrayidx16,4194304
label,count
arrayidx20,1982464
label,count
arrayidx20,4096
label,count
arrayidx20,50176
label,count
arrayidx20,1982464
label,count
arrayidx20,4194304
label,count
arrayidx20,4096
label,count
arrayidx23,8192
arrayidx39,4096
arrayidx17,8192
label,count
arrayidx23,8192
arrayidx39,4096
arrayidx17,8192
label,count
arrayidx23,8192
arrayidx39,4096
arrayidx17,8192
label,count
arrayidx23,8192
arrayidx39,4096
arrayidx17,8192
=======
>>>>>>> a2d5ca8e3a951e8c28dfc292799a552ebece7bf1
