label,count
arrayidx20,4096
label,count
arrayidx20,4096
label,count
arrayidx20,4096
label,count
arrayidx20,4096
label,count
arrayidx20,50176
label,count
arrayidx20,4096
label,count
arrayidx20,4096
label,count
arrayidx20,50176
label,count
arrayidx20,1982464
label,count
arrayidx20,1982464
label,count
arrayidx20,4194304
<<<<<<< HEAD
label,count
arrayidx20,4194304
label,count
arrayidx20,1982464
label,count
arrayidx20,4096
label,count
arrayidx20,50176
label,count
arrayidx20,1982464
label,count
arrayidx20,4194304
label,count
arrayidx20,4096
label,count
arrayidx12,4096
label,count
arrayidx12,4096
label,count
arrayidx12,4096
label,count
arrayidx12,4096
=======
>>>>>>> a2d5ca8e3a951e8c28dfc292799a552ebece7bf1
