label,count
arrayidx31,8192
arrayidx25,8192
arrayidx47,4096
label,count
arrayidx31,8192
arrayidx25,8192
arrayidx47,4096
label,count
arrayidx31,8192
arrayidx25,8192
arrayidx47,4096
label,count
arrayidx31,8192
arrayidx25,8192
arrayidx47,4096
label,count
arrayidx31,524288
arrayidx25,524288
arrayidx47,65536
label,count
arrayidx31,524288
arrayidx25,524288
arrayidx47,65536
label,count
arrayidx31,524288
arrayidx25,524288
arrayidx47,65536
label,count
arrayidx31,1048576
arrayidx25,1048576
arrayidx47,65536
label,count
arrayidx31,1048576
arrayidx25,1048576
arrayidx47,65536
label,count
k,544000
arrayidx31,32000
tiledRow,32000
globalCol,6400
numTiles,6400
B.addr,6400
acc,518400
globalRow,6400
tiledCol,32000
A.addr,6400
i,38400
localRow,6400
C.addr,6400
N.addr,6400
arrayidx25,32000
localCol,6400
arrayidx47,6400
