label,count
arrayidx22,4096
arrayidx30,131072
arrayidx34,131072
arrayidx,4096
label,count
arrayidx22,4096
arrayidx30,131072
arrayidx34,131072
arrayidx,4096
label,count
arrayidx22,4096
arrayidx30,131072
arrayidx34,131072
arrayidx,4096
label,count
arrayidx22,4096
arrayidx30,131072
arrayidx34,131072
arrayidx,4096
label,count
arrayidx22,50176
arrayidx30,1605632
arrayidx34,1605632
arrayidx,50176
label,count
arrayidx22,4096
arrayidx30,131072
arrayidx34,131072
arrayidx,4096
label,count
arrayidx22,4096
arrayidx30,131072
arrayidx34,131072
arrayidx,4096
label,count
arrayidx22,50176
arrayidx30,1605632
arrayidx34,1605632
arrayidx,50176
label,count
arrayidx22,1982464
arrayidx30,63438848
arrayidx34,63438848
arrayidx,1982464
label,count
arrayidx22,1982464
arrayidx30,63438848
arrayidx34,63438848
arrayidx,1982464
label,count
arrayidx22,4194304
arrayidx30,134217728
arrayidx34,134217728
arrayidx,4194304
<<<<<<< HEAD
label,count
arrayidx22,4194304
arrayidx30,134217728
arrayidx34,134217728
arrayidx,4194304
label,count
arrayidx11,63438848
arrayidx15,63438848
label,count
arrayidx11,131072
arrayidx15,131072
label,count
arrayidx11,1605632
arrayidx15,1605632
label,count
arrayidx11,63438848
arrayidx15,63438848
label,count
arrayidx11,134217728
arrayidx15,134217728
label,count
arrayidx11,131072
arrayidx15,131072
label,count
arrayidx19,8192
arrayidx29,262144
arrayidx,8192
arrayidx33,262144
label,count
arrayidx19,8192
arrayidx29,262144
arrayidx,8192
arrayidx33,262144
label,count
arrayidx19,8192
arrayidx29,262144
arrayidx,8192
arrayidx33,262144
label,count
arrayidx19,8192
arrayidx29,262144
arrayidx,8192
arrayidx33,262144
=======
>>>>>>> a2d5ca8e3a951e8c28dfc292799a552ebece7bf1
label,count
arrayidx19,524288
arrayidx29,16777216
arrayidx,524288
arrayidx33,16777216
label,count
arrayidx19,524288
arrayidx29,16777216
arrayidx,524288
arrayidx33,16777216
label,count
arrayidx19,524288
arrayidx29,16777216
arrayidx,524288
arrayidx33,16777216
label,count
arrayidx19,1048576
arrayidx29,16777216
arrayidx,1048576
arrayidx33,16777216
label,count
arrayidx19,1048576
arrayidx29,16777216
arrayidx,1048576
arrayidx33,16777216
