label,count
arrayidx,131072
arrayidx15,131072
label,count
arrayidx,131072
arrayidx15,131072
label,count
arrayidx,131072
arrayidx15,131072
label,count
arrayidx,131072
arrayidx15,131072
label,count
arrayidx,1605632
arrayidx15,1605632
label,count
arrayidx,131072
arrayidx15,131072
label,count
arrayidx,131072
arrayidx15,131072
label,count
arrayidx,1605632
arrayidx15,1605632
label,count
arrayidx,63438848
arrayidx15,63438848
label,count
arrayidx,63438848
arrayidx15,63438848
label,count
arrayidx,134217728
arrayidx15,134217728
<<<<<<< HEAD
label,count
arrayidx,134217728
arrayidx15,134217728
label,count
arrayidx,63438848
arrayidx15,63438848
label,count
arrayidx,131072
arrayidx15,131072
label,count
arrayidx,1605632
arrayidx15,1605632
label,count
arrayidx,63438848
arrayidx15,63438848
label,count
arrayidx,134217728
arrayidx15,134217728
label,count
arrayidx,131072
arrayidx15,131072
label,count
arrayidx,262144
arrayidx7,262144
label,count
arrayidx,262144
arrayidx7,262144
label,count
arrayidx,262144
arrayidx7,262144
label,count
arrayidx,262144
arrayidx7,262144
=======
>>>>>>> a2d5ca8e3a951e8c28dfc292799a552ebece7bf1
label,count
arrayidx,16777216
arrayidx7,16777216
label,count
arrayidx,16777216
arrayidx7,16777216
label,count
arrayidx,16777216
arrayidx7,16777216
label,count
arrayidx,16777216
arrayidx7,16777216
label,count
arrayidx,16777216
arrayidx7,16777216
