\BOOKMARK [1][-]{section*.1}{\376\377\000A\000b\000s\000t\000r\000a\000c\000t}{}% 1
\BOOKMARK [1][-]{section.1}{\376\377\0001\000\040\000I\000n\000t\000r\000o\000d\000u\000c\000t\000i\000o\000n}{}% 2
\BOOKMARK [1][-]{section.2}{\376\377\0002\000\040\000M\000o\000t\000i\000v\000a\000t\000i\000n\000g\000\040\000E\000x\000a\000m\000p\000l\000e}{}% 3
\BOOKMARK [2][-]{section*.4}{\376\377\000S\000i\000m\000p\000l\000e\000\040\000u\000n\000o\000p\000t\000i\000m\000i\000s\000e\000d\000\040\000m\000a\000t\000r\000i\000x\000\040\000m\000u\000l\000t\000i\000p\000l\000i\000c\000a\000t\000i\000o\000n}{section.2}% 4
\BOOKMARK [2][-]{section*.5}{\376\377\000U\000s\000i\000n\000g\000\040\000S\000h\000a\000r\000e\000d\000\040\000M\000e\000m\000o\000r\000y\000\040\000t\000o\000\040\000C\000o\000a\000l\000e\000s\000c\000e\000\040\000G\000l\000o\000b\000a\000l\000\040\000M\000e\000m\000o\000r\000y\000\040\000A\000c\000c\000e\000s\000s\000\040\000t\000o\000\040\000M\000a\000t\000r\000i\000x\000\040\000A}{section.2}% 5
\BOOKMARK [2][-]{section*.6}{\376\377\000U\000s\000i\000n\000g\000\040\000S\000h\000a\000r\000e\000d\000\040\000M\000e\000m\000o\000r\000y\000\040\000t\000o\000\040\000s\000t\000o\000r\000e\000\040\000T\000i\000l\000e\000s\000\040\000o\000f\000\040\000M\000a\000t\000r\000i\000x\000\040\000B}{section.2}% 6
\BOOKMARK [2][-]{section*.7}{\376\377\000O\000p\000t\000i\000m\000i\000s\000i\000n\000g\000\040\000h\000a\000n\000d\000l\000i\000n\000g\000\040\000o\000f\000\040\000s\000h\000a\000r\000e\000d\000\040\000m\000e\000m\000o\000r\000y}{section.2}% 7
\BOOKMARK [2][-]{section*.8}{\376\377\000A\000l\000i\000g\000n\000m\000e\000n\000t\000\040\000o\000f\000\040\000M\000e\000m\000o\000r\000y\000\040\000A\000l\000l\000o\000c\000a\000t\000i\000o\000n}{section.2}% 8
\BOOKMARK [1][-]{section.3}{\376\377\0003\000\040\000R\000e\000l\000a\000t\000e\000d\000\040\000W\000o\000r\000k}{}% 9
\BOOKMARK [2][-]{section*.11}{\376\377\000A\000d\000v\000a\000n\000c\000e\000m\000e\000n\000t\000s\000\040\000i\000n\000\040\000M\000e\000m\000o\000r\000y\000\040\000A\000c\000c\000e\000s\000s\000\040\000P\000a\000t\000t\000e\000r\000n\000\040\000C\000h\000a\000r\000a\000c\000t\000e\000r\000i\000s\000a\000t\000i\000o\000n}{section.3}% 10
\BOOKMARK [2][-]{section*.12}{\376\377\000M\000I\000C\000A}{section.3}% 11
\BOOKMARK [2][-]{section*.13}{\376\377\000C\000u\000M\000A\000P\000z}{section.3}% 12
\BOOKMARK [1][-]{section.4}{\376\377\0004\000\040\000M\000e\000t\000h\000o\000d\000o\000l\000o\000g\000y}{}% 13
\BOOKMARK [1][-]{section.5}{\376\377\0005\000\040\000R\000e\000s\000u\000l\000t\000s}{}% 14
\BOOKMARK [1][-]{section.6}{\376\377\0006\000\040\000D\000i\000s\000c\000u\000s\000s\000i\000o\000n}{}% 15
\BOOKMARK [2][-]{section*.16}{\376\377\000A\000\040\000P\000a\000r\000a\000l\000l\000e\000l\000\040\000S\000p\000a\000t\000i\000a\000l\000\040\000L\000o\000c\000a\000l\000i\000t\000y\000\040\000M\000e\000t\000r\000i\000c}{section.6}% 16
\BOOKMARK [1][-]{section.7}{\376\377\0007\000\040\000R\000e\000s\000u\000l\000t\000s}{}% 17
\BOOKMARK [2][-]{section*.19}{\376\377\000N\000-\000b\000o\000d\000y\000\040\000m\000e\000t\000h\000o\000d\000s\000:\000\040\000G\000E\000M}{section.7}% 18
\BOOKMARK [2][-]{section*.20}{\376\377\000D\000e\000n\000s\000e\000\040\000L\000i\000n\000e\000a\000r\000\040\000A\000l\000g\000e\000b\000r\000a\000:\000\040\000L\000o\000w\000e\000r\000-\000u\000p\000p\000e\000r\000\040\000d\000e\000c\000o\000m\000p\000o\000s\000i\000t\000i\000o\000n\000\040\000\050\000L\000U\000D\000\051}{section.7}% 19
\BOOKMARK [2][-]{section*.21}{\376\377\000D\000y\000n\000a\000m\000i\000c\000\040\000P\000r\000o\000g\000r\000a\000m\000m\000i\000n\000g\000:\000\040\000N\000e\000e\000d\000l\000e\000m\000a\000n\000-\000W\000u\000n\000s\000c\000h\000\040\000\050\000N\000W\000\051}{section.7}% 20
\BOOKMARK [2][-]{section*.22}{\376\377\000S\000t\000r\000u\000c\000t\000u\000r\000e\000d\000\040\000G\000r\000i\000d\000s\000:\000\040\000S\000p\000e\000c\000k\000l\000e\000\040\000R\000e\000d\000u\000c\000i\000n\000g\000\040\000A\000n\000i\000s\000o\000t\000r\000o\000p\000i\000c\000\040\000D\000i\000f\000f\000u\000s\000i\000o\000n\000\040\000\050\000S\000R\000A\000D\000\051}{section.7}% 21
\BOOKMARK [2][-]{section*.23}{\376\377\000G\000r\000a\000p\000h\000\040\000T\000r\000a\000v\000e\000r\000s\000a\000l\000:\000\040\000B\000F\000S}{section.7}% 22
\BOOKMARK [2][-]{section*.24}{\376\377\000S\000p\000a\000r\000s\000e\000\040\000L\000i\000n\000e\000a\000r\000\040\000A\000l\000g\000e\000b\000r\000a\000:\000\040\000C\000S\000R}{section.7}% 23
\BOOKMARK [2][-]{section*.25}{\376\377\000F\000i\000n\000i\000t\000e\000\040\000S\000t\000a\000t\000e\000\040\000M\000a\000c\000h\000i\000n\000e\000:\000\040\000T\000e\000m\000p\000o\000r\000a\000l\000\040\000D\000a\000t\000a\000\040\000M\000i\000n\000i\000n\000g\000\040\000\050\000T\000D\000M\000\051}{section.7}% 24
\BOOKMARK [1][-]{section.8}{\376\377\0008\000\040\000C\000o\000n\000c\000l\000u\000s\000i\000o\000n\000s\000\040\000a\000n\000d\000\040\000F\000u\000t\000u\000r\000e\000\040\000W\000o\000r\000k}{}% 25
\BOOKMARK [1][-]{section*.27}{\376\377\000R\000e\000f\000e\000r\000e\000n\000c\000e\000s}{}% 26
\BOOKMARK [1][-]{appendix.A}{\376\377\000A\000\040\000s\000i\000m\000p\000l\000e\000M\000u\000l\000t\000i\000p\000l\000y\000\040\000k\000e\000r\000n\000e\000l}{}% 27
\BOOKMARK [1][-]{appendix.B}{\376\377\000B\000\040\000c\000o\000a\000l\000e\000s\000c\000e\000d\000A\000M\000u\000l\000t\000i\000p\000l\000y\000\040\000k\000e\000r\000n\000e\000l}{}% 28
\BOOKMARK [1][-]{appendix.C}{\376\377\000C\000\040\000c\000o\000a\000l\000e\000s\000c\000e\000d\000A\000B\000\040\000k\000e\000r\000n\000e\000l}{}% 29
